npm verbose cli C:\Program Files\nodejs\node.exe C:\Program Files\nodejs\node_modules\npm\bin\npm-cli.js
npm info using npm@10.8.2
npm info using node@v22.5.1
npm verbose title npm install
npm verbose argv "install" "--legacy-peer-deps" "--loglevel" "verbose"
npm verbose logfile logs-max:10 dir:C:\Users\bhadm\AppData\Local\npm-cache\_logs\2024-08-11T15_52_21_676Z-
npm verbose logfile C:\Users\bhadm\AppData\Local\npm-cache\_logs\2024-08-11T15_52_21_676Z-debug-0.log
npm http fetch GET 200 https://registry.npmjs.org/@badeball%2fcypress-cucumber-preprocessor 449ms (cache revalidated)
npm http fetch GET 200 https://registry.npmjs.org/@cypress%2fbrowserify-preprocessor 158ms (cache revalidated)
npm http fetch GET 200 https://registry.npmjs.org/@faker-js%2ffaker 87ms (cache revalidated)
npm http fetch GET 200 https://registry.npmjs.org/browserstack-cypress-cli 576ms (cache revalidated)
npm http fetch GET 200 https://registry.npmjs.org/cypress 56ms (cache revalidated)
npm http fetch GET 200 https://registry.npmjs.org/cypress-fill-command 98ms (cache revalidated)
npm http fetch GET 200 https://registry.npmjs.org/cypress-mailslurp 495ms (cache revalidated)
npm http fetch GET 200 https://registry.npmjs.org/glob 63ms (cache revalidated)
npm http fetch GET 200 https://registry.npmjs.org/chalk 122ms (cache revalidated)
npm http fetch GET 200 https://registry.npmjs.org/uuid 132ms (cache revalidated)
npm http fetch GET 200 https://registry.npmjs.org/debug 84ms (cache revalidated)
npm http fetch GET 200 https://registry.npmjs.org/esbuild 76ms (cache revalidated)
npm http fetch GET 200 https://registry.npmjs.org/mocha 127ms (cache revalidated)
npm http fetch GET 200 https://registry.npmjs.org/cli-table 50ms (cache revalidated)
npm http fetch GET 200 https://registry.npmjs.org/base64-js 103ms (cache revalidated)
npm http fetch GET 200 https://registry.npmjs.org/source-map 41ms (cache revalidated)
npm http fetch GET 200 https://registry.npmjs.org/seedrandom 75ms (cache revalidated)
npm http fetch GET 200 https://registry.npmjs.org/cosmiconfig 50ms (cache revalidated)
npm http fetch GET 200 https://registry.npmjs.org/is-path-inside 44ms (cache revalidated)
npm http fetch GET 200 https://registry.npmjs.org/@cucumber%2fgherkin 127ms (cache revalidated)
npm http fetch GET 200 https://registry.npmjs.org/split 506ms (cache revalidated)
npm http fetch GET 200 https://registry.npmjs.org/@cucumber%2fcucumber 181ms (cache revalidated)
npm http fetch GET 200 https://registry.npmjs.org/common-ancestor-path 68ms (cache revalidated)
npm http fetch GET 200 https://registry.npmjs.org/error-stack-parser 122ms (cache revalidated)
npm http fetch GET 200 https://registry.npmjs.org/@cucumber%2fmessages 598ms (cache revalidated)
npm http fetch GET 200 https://registry.npmjs.org/@cucumber%2ftag-expressions 120ms (cache revalidated)
npm http fetch GET 200 https://registry.npmjs.org/@cucumber%2fmessage-streams 582ms (cache revalidated)
npm http fetch GET 200 https://registry.npmjs.org/@cucumber%2fhtml-formatter 1007ms (cache revalidated)
npm http fetch GET 200 https://registry.npmjs.org/@badeball%2fcypress-configuration 99ms (cache revalidated)
npm http fetch GET 200 https://registry.npmjs.org/@cucumber%2fcucumber-expressions 604ms (cache revalidated)
npm http fetch GET 200 https://registry.npmjs.org/@babel%2fcore 102ms (cache revalidated)
npm http fetch GET 200 https://registry.npmjs.org/@babel%2fplugin-proposal-class-properties 69ms (cache revalidated)
npm http fetch GET 200 https://registry.npmjs.org/@babel%2fplugin-proposal-object-rest-spread 73ms (cache revalidated)
npm http fetch GET 200 https://registry.npmjs.org/@babel%2fplugin-transform-runtime 82ms (cache revalidated)
npm http fetch GET 200 https://registry.npmjs.org/@babel%2fpreset-env 69ms (cache revalidated)
npm http fetch GET 200 https://registry.npmjs.org/@babel%2fpreset-react 87ms (cache revalidated)
npm http fetch GET 200 https://registry.npmjs.org/babel-plugin-add-module-exports 61ms (cache revalidated)
npm http fetch GET 200 https://registry.npmjs.org/@babel%2fruntime 142ms (cache revalidated)
npm http fetch GET 200 https://registry.npmjs.org/@cucumber%2fpretty-formatter 1002ms (cache revalidated)
npm http fetch GET 200 https://registry.npmjs.org/bluebird 72ms (cache revalidated)
npm http fetch GET 200 https://registry.npmjs.org/browserify 83ms (cache revalidated)
npm http fetch GET 200 https://registry.npmjs.org/coffeeify 81ms (cache revalidated)
npm http fetch GET 200 https://registry.npmjs.org/coffeescript 59ms (cache revalidated)
npm http fetch GET 200 https://registry.npmjs.org/fs-extra 74ms (cache revalidated)
npm http fetch GET 200 https://registry.npmjs.org/lodash.clonedeep 125ms (cache revalidated)
npm http fetch GET 200 https://registry.npmjs.org/through2 113ms (cache revalidated)
npm http fetch GET 200 https://registry.npmjs.org/archiver 61ms (cache revalidated)
npm http fetch GET 200 https://registry.npmjs.org/async 57ms (cache revalidated)
npm http fetch GET 200 https://registry.npmjs.org/babelify 550ms (cache revalidated)
npm http fetch GET 200 https://registry.npmjs.org/cli-progress 79ms (cache revalidated)
npm http fetch GET 200 https://registry.npmjs.org/watchify 507ms (cache revalidated)
npm http fetch GET 200 https://registry.npmjs.org/git-last-commit 57ms (cache revalidated)
npm http fetch GET 200 https://registry.npmjs.org/browserstack-local 516ms (cache revalidated)
npm http fetch GET 200 https://registry.npmjs.org/gitconfiglocal 98ms (cache revalidated)
npm http fetch GET 200 https://registry.npmjs.org/getmac 497ms (cache revalidated)
npm http fetch GET 200 https://registry.npmjs.org/mkdirp 68ms (cache revalidated)
npm http fetch GET 200 https://registry.npmjs.org/request 45ms (cache revalidated)
npm http fetch GET 200 https://registry.npmjs.org/requestretry 75ms (cache revalidated)
npm http fetch GET 200 https://registry.npmjs.org/git-repo-info 490ms (cache revalidated)
npm http fetch GET 200 https://registry.npmjs.org/table 70ms (cache revalidated)
npm http fetch GET 200 https://registry.npmjs.org/update-notifier 59ms (cache revalidated)
npm http fetch GET 200 https://registry.npmjs.org/windows-release 57ms (cache revalidated)
npm http fetch GET 200 https://registry.npmjs.org/winston 47ms (cache revalidated)
npm http fetch GET 200 https://registry.npmjs.org/yargs 53ms (cache revalidated)
npm http fetch GET 200 https://registry.npmjs.org/decompress 68ms (cache revalidated)
npm http fetch GET 200 https://registry.npmjs.org/tmp 63ms (cache revalidated)
npm http fetch GET 200 https://registry.npmjs.org/arch 58ms (cache revalidated)
npm http fetch GET 200 https://registry.npmjs.org/node-ipc 503ms (cache revalidated)
npm http fetch GET 200 https://registry.npmjs.org/execa 58ms (cache revalidated)
npm http fetch GET 200 https://registry.npmjs.org/getos 56ms (cache revalidated)
npm http fetch GET 200 https://registry.npmjs.org/is-ci 45ms (cache revalidated)
npm http fetch GET 200 https://registry.npmjs.org/yauzl 48ms (cache revalidated)
npm http fetch GET 200 https://registry.npmjs.org/buffer 50ms (cache revalidated)
npm http fetch GET 200 https://registry.npmjs.org/listr2 74ms (cache revalidated)
npm http fetch GET 200 https://registry.npmjs.org/lodash 71ms (cache revalidated)
npm http fetch GET 200 https://registry.npmjs.org/semver 59ms (cache revalidated)
npm http fetch GET 200 https://registry.npmjs.org/figures 40ms (cache revalidated)
npm http fetch GET 200 https://registry.npmjs.org/process 45ms (cache revalidated)
npm http fetch GET 200 https://registry.npmjs.org/cachedir 45ms (cache revalidated)
npm http fetch GET 200 https://registry.npmjs.org/enquirer 58ms (cache revalidated)
npm http fetch GET 200 https://registry.npmjs.org/dayjs 557ms (cache revalidated)
npm http fetch GET 200 https://registry.npmjs.org/minimist 47ms (cache revalidated)
npm http fetch GET 200 https://registry.npmjs.org/blob-util 61ms (cache revalidated)
npm http fetch GET 200 https://registry.npmjs.org/commander 73ms (cache revalidated)
npm http fetch GET 200 https://registry.npmjs.org/ospath 519ms (cache revalidated)
npm http fetch GET 200 https://registry.npmjs.org/untildify 61ms (cache revalidated)
npm http fetch GET 200 https://registry.npmjs.org/cli-cursor 72ms (cache revalidated)
npm http fetch GET 200 https://registry.npmjs.org/cli-table3 50ms (cache revalidated)
npm http fetch GET 200 https://registry.npmjs.org/executable 52ms (cache revalidated)
npm http fetch GET 200 https://registry.npmjs.org/extract-zip 58ms (cache revalidated)
npm http fetch GET 200 https://registry.npmjs.org/common-tags 101ms (cache revalidated)
npm http fetch GET 200 https://registry.npmjs.org/log-symbols 66ms (cache revalidated)
npm http fetch GET 200 https://registry.npmjs.org/pretty-bytes 51ms (cache revalidated)
npm http fetch GET 200 https://registry.npmjs.org/lazy-ass 510ms (cache revalidated)
npm http fetch GET 200 https://registry.npmjs.org/@types%2fsizzle 71ms (cache revalidated)
npm http fetch GET 200 https://registry.npmjs.org/eventemitter2 67ms (cache revalidated)
npm http fetch GET 200 https://registry.npmjs.org/@cypress%2fxvfb 113ms (cache revalidated)
npm http fetch GET 200 https://registry.npmjs.org/proxy-from-env 64ms (cache revalidated)
npm http fetch GET 200 https://registry.npmjs.org/supports-color 63ms (cache revalidated)
npm http fetch GET 200 https://registry.npmjs.org/@cypress%2frequest 97ms (cache revalidated)
npm http fetch GET 200 https://registry.npmjs.org/check-more-types 62ms (cache revalidated)
npm http fetch GET 200 https://registry.npmjs.org/request-progress 63ms (cache revalidated)
npm http fetch GET 200 https://registry.npmjs.org/is-installed-globally 64ms (cache revalidated)
npm http fetch GET 200 https://registry.npmjs.org/@types%2fsinonjs__fake-timers 71ms (cache revalidated)
npm http fetch GET 200 https://registry.npmjs.org/mailslurp-client 557ms (cache revalidated)
npm http fetch GET 200 https://registry.npmjs.org/esbuild 20ms (cache hit)
npm http fetch GET 200 https://registry.npmjs.org/minimatch 56ms (cache revalidated)
npm http fetch GET 200 https://registry.npmjs.org/@babel%2fparser 72ms (cache revalidated)
npm http fetch GET 200 https://registry.npmjs.org/@cucumber%2fci-environment 204ms (cache revalidated)
npm http fetch GET 200 https://registry.npmjs.org/@cucumber%2fgherkin-utils 194ms (cache revalidated)
npm http fetch GET 200 https://registry.npmjs.org/node-hook 483ms (cache revalidated)
npm http fetch GET 200 https://registry.npmjs.org/assertion-error-formatter 69ms (cache revalidated)
npm http fetch GET 200 https://registry.npmjs.org/capital-case 84ms (cache revalidated)
npm http fetch GET 200 https://registry.npmjs.org/has-ansi 114ms (cache revalidated)
npm http fetch GET 200 https://registry.npmjs.org/@cucumber%2fgherkin-streams 631ms (cache revalidated)
npm http fetch GET 200 https://registry.npmjs.org/indent-string 117ms (cache revalidated)
npm http fetch GET 200 https://registry.npmjs.org/is-stream 73ms (cache revalidated)
npm http fetch GET 200 https://registry.npmjs.org/knuth-shuffle-seeded 64ms (cache revalidated)
npm http fetch GET 200 https://registry.npmjs.org/lodash.merge 90ms (cache revalidated)
npm http fetch GET 200 https://registry.npmjs.org/luxon 81ms (cache revalidated)
npm http fetch GET 200 https://registry.npmjs.org/mz 62ms (cache revalidated)
npm http fetch GET 200 https://registry.npmjs.org/resolve-pkg 58ms (cache revalidated)
npm http fetch GET 200 https://registry.npmjs.org/progress 121ms (cache revalidated)
npm http fetch GET 200 https://registry.npmjs.org/string-argv 54ms (cache revalidated)
npm http fetch GET 200 https://registry.npmjs.org/strip-ansi 67ms (cache revalidated)
npm http fetch GET 200 https://registry.npmjs.org/verror 60ms (cache revalidated)
npm http fetch GET 200 https://registry.npmjs.org/xmlbuilder 65ms (cache revalidated)
npm http fetch GET 200 https://registry.npmjs.org/yaml 54ms (cache revalidated)
npm http fetch GET 200 https://registry.npmjs.org/lodash.mergewith 521ms (cache revalidated)
npm http fetch GET 200 https://registry.npmjs.org/yup 57ms (cache revalidated)
npm http fetch GET 200 https://registry.npmjs.org/regexp-match-indices 82ms (cache revalidated)
npm http fetch GET 200 https://registry.npmjs.org/reflect-metadata 63ms (cache revalidated)
npm http fetch GET 200 https://registry.npmjs.org/@types%2fuuid 71ms (cache revalidated)
npm http fetch GET 200 https://registry.npmjs.org/ansi-styles 50ms (cache revalidated)
npm http fetch GET 200 https://registry.npmjs.org/class-transformer 65ms (cache revalidated)
npm http fetch GET 200 https://registry.npmjs.org/util-arity 498ms (cache revalidated)
npm http fetch GET 200 https://registry.npmjs.org/ts-dedent 67ms (cache revalidated)
npm http fetch GET 200 https://registry.npmjs.org/colors 76ms (cache revalidated)
npm http fetch GET 200 https://registry.npmjs.org/import-fresh 64ms (cache revalidated)
npm http fetch GET 200 https://registry.npmjs.org/js-yaml 51ms (cache revalidated)
npm http fetch GET 200 https://registry.npmjs.org/parse-json 84ms (cache revalidated)
npm http fetch GET 200 https://registry.npmjs.org/path-type 83ms (cache revalidated)
npm http fetch GET 200 https://registry.npmjs.org/ms 99ms (cache revalidated)
npm http fetch GET 200 https://registry.npmjs.org/stackframe 75ms (cache revalidated)
npm http fetch GET 200 https://registry.npmjs.org/@esbuild%2faix-ppc64 111ms (cache revalidated)
npm http fetch GET 200 https://registry.npmjs.org/@esbuild%2flinux-arm 94ms (cache revalidated)
npm http fetch GET 200 https://registry.npmjs.org/@esbuild%2flinux-x64 108ms (cache revalidated)
npm http fetch GET 200 https://registry.npmjs.org/@esbuild%2fsunos-x64 114ms (cache revalidated)
npm http fetch GET 200 https://registry.npmjs.org/@esbuild%2fwin32-x64 92ms (cache revalidated)
npm http fetch GET 200 https://registry.npmjs.org/@esbuild%2fdarwin-x64 141ms (cache revalidated)
npm http fetch GET 200 https://registry.npmjs.org/@esbuild%2flinux-ia32 105ms (cache revalidated)
npm http fetch GET 200 https://registry.npmjs.org/@esbuild%2fnetbsd-x64 94ms (cache revalidated)
npm http fetch GET 200 https://registry.npmjs.org/@esbuild%2fandroid-arm 86ms (cache revalidated)
npm http fetch GET 200 https://registry.npmjs.org/@esbuild%2fandroid-x64 90ms (cache revalidated)
npm http fetch GET 200 https://registry.npmjs.org/@esbuild%2fwin32-ia32 118ms (cache revalidated)
npm http fetch GET 200 https://registry.npmjs.org/@esbuild%2flinux-arm64 90ms (cache revalidated)
npm http fetch GET 200 https://registry.npmjs.org/@esbuild%2ffreebsd-x64 103ms (cache revalidated)
npm http fetch GET 200 https://registry.npmjs.org/@esbuild%2flinux-ppc64 92ms (cache revalidated)
npm http fetch GET 200 https://registry.npmjs.org/@esbuild%2flinux-s390x 94ms (cache revalidated)
npm http fetch GET 200 https://registry.npmjs.org/@esbuild%2fopenbsd-x64 99ms (cache revalidated)
npm http fetch GET 200 https://registry.npmjs.org/@esbuild%2fwin32-arm64 98ms (cache revalidated)
npm http fetch GET 200 https://registry.npmjs.org/@esbuild%2fandroid-arm64 103ms (cache revalidated)
npm http fetch GET 200 https://registry.npmjs.org/@esbuild%2fdarwin-arm64 118ms (cache revalidated)
npm http fetch GET 200 https://registry.npmjs.org/@esbuild%2ffreebsd-arm64 108ms (cache revalidated)
npm http fetch GET 200 https://registry.npmjs.org/@esbuild%2flinux-riscv64 76ms (cache revalidated)
npm http fetch GET 200 https://registry.npmjs.org/@esbuild%2flinux-loong64 87ms (cache revalidated)
npm http fetch GET 200 https://registry.npmjs.org/@esbuild%2flinux-mips64el 82ms (cache revalidated)
npm http fetch GET 200 https://registry.npmjs.org/jackspeak 75ms (cache revalidated)
npm http fetch GET 200 https://registry.npmjs.org/minipass 90ms (cache revalidated)
npm http fetch GET 200 https://registry.npmjs.org/path-scurry 90ms (cache revalidated)
npm http fetch GET 200 https://registry.npmjs.org/foreground-child 93ms (cache revalidated)
npm http fetch GET 200 https://registry.npmjs.org/ansi-colors 68ms (cache revalidated)
npm http fetch GET 200 https://registry.npmjs.org/package-json-from-dist 100ms (cache revalidated)
npm http fetch GET 200 https://registry.npmjs.org/browser-stdout 57ms (cache revalidated)
npm http fetch GET 200 https://registry.npmjs.org/diff 50ms (cache revalidated)
npm http fetch GET 200 https://registry.npmjs.org/chokidar 60ms (cache revalidated)
npm http fetch GET 200 https://registry.npmjs.org/escape-string-regexp 125ms (cache revalidated)
npm http fetch GET 200 https://registry.npmjs.org/find-up 125ms (cache revalidated)
npm http fetch GET 200 https://registry.npmjs.org/he 115ms (cache revalidated)
npm http fetch GET 200 https://registry.npmjs.org/strip-json-comments 72ms (cache revalidated)
npm http fetch GET 200 https://registry.npmjs.org/serialize-javascript 79ms (cache revalidated)
npm http fetch GET 200 https://registry.npmjs.org/workerpool 69ms (cache revalidated)
npm http fetch GET 200 https://registry.npmjs.org/yargs 32ms (cache hit)
npm http fetch GET 200 https://registry.npmjs.org/yargs-unparser 57ms (cache revalidated)
npm http fetch GET 200 https://registry.npmjs.org/yargs-parser 67ms (cache revalidated)
npm http fetch GET 200 https://registry.npmjs.org/through 501ms (cache revalidated)
npm http fetch GET 200 https://registry.npmjs.org/once 54ms (cache revalidated)
npm http fetch GET 200 https://registry.npmjs.org/inflight 81ms (cache revalidated)
npm http fetch GET 200 https://registry.npmjs.org/@babel%2ftypes 89ms (cache revalidated)
npm http fetch GET 200 https://registry.npmjs.org/inherits 50ms (cache revalidated)
npm http fetch GET 200 https://registry.npmjs.org/fs.realpath 61ms (cache revalidated)
npm http fetch GET 200 https://registry.npmjs.org/path-is-absolute 61ms (cache revalidated)
npm http fetch GET 200 https://registry.npmjs.org/brace-expansion 62ms (cache revalidated)
npm http fetch GET 200 https://registry.npmjs.org/to-fast-properties 50ms (cache revalidated)
npm http fetch GET 200 https://registry.npmjs.org/@babel%2fhelper-validator-identifier 56ms (cache revalidated)
npm http fetch GET 200 https://registry.npmjs.org/@babel%2fhelper-string-parser 88ms (cache revalidated)
npm http fetch GET 200 https://registry.npmjs.org/source-map-support 72ms (cache revalidated)
npm http fetch GET 200 https://registry.npmjs.org/source-map-support 91ms (cache revalidated)
npm http fetch GET 200 https://registry.npmjs.org/pad-right 102ms (cache revalidated)
npm http fetch GET 200 https://registry.npmjs.org/@teppeis%2fmultimaps 211ms (cache revalidated)
npm http fetch GET 200 https://registry.npmjs.org/repeat-string 141ms (cache revalidated)
npm http fetch GET 200 https://registry.npmjs.org/no-case 65ms (cache revalidated)
npm http fetch GET 200 https://registry.npmjs.org/upper-case-first 46ms (cache revalidated)
npm http fetch GET 200 https://registry.npmjs.org/tslib 74ms (cache revalidated)
npm http fetch GET 200 https://registry.npmjs.org/string-width 59ms (cache revalidated)
npm http fetch GET 200 https://registry.npmjs.org/ansi-regex 68ms (cache revalidated)
npm http fetch GET 200 https://registry.npmjs.org/@colors%2fcolors 89ms (cache revalidated)
npm http fetch GET 200 https://registry.npmjs.org/global-dirs 60ms (cache revalidated)
npm http fetch GET 200 https://registry.npmjs.org/seed-random 56ms (cache revalidated)
npm http fetch GET 200 https://registry.npmjs.org/any-promise 104ms (cache revalidated)
npm http fetch GET 200 https://registry.npmjs.org/thenify-all 66ms (cache revalidated)
npm http fetch GET 200 https://registry.npmjs.org/object-assign 108ms (cache revalidated)
npm http fetch GET 200 https://registry.npmjs.org/resolve-from 74ms (cache revalidated)
npm http fetch GET 200 https://registry.npmjs.org/has-flag 71ms (cache revalidated)
npm http fetch GET 200 https://registry.npmjs.org/lru-cache 80ms (cache revalidated)
npm http fetch GET 200 https://registry.npmjs.org/core-util-is 97ms (cache revalidated)
npm http fetch GET 200 https://registry.npmjs.org/extsprintf 80ms (cache revalidated)
npm http fetch GET 200 https://registry.npmjs.org/assert-plus 110ms (cache revalidated)
npm http fetch GET 200 https://registry.npmjs.org/toposort 87ms (cache revalidated)
npm http fetch GET 200 https://registry.npmjs.org/tiny-case 95ms (cache revalidated)
npm http fetch GET 200 https://registry.npmjs.org/type-fest 67ms (cache revalidated)
npm http fetch GET 200 https://registry.npmjs.org/property-expr 511ms (cache revalidated)
npm http fetch GET 200 https://registry.npmjs.org/regexp-tree 63ms (cache revalidated)
npm http fetch GET 200 https://registry.npmjs.org/buffer-from 49ms (cache revalidated)
npm http fetch GET 200 https://registry.npmjs.org/@babel%2fgenerator 66ms (cache revalidated)
npm http fetch GET 200 https://registry.npmjs.org/@babel%2fcode-frame 74ms (cache revalidated)
npm http fetch GET 200 https://registry.npmjs.org/@ampproject%2fremapping 102ms (cache revalidated)
npm http fetch GET 200 https://registry.npmjs.org/@babel%2fhelper-compilation-targets 53ms (cache revalidated)
npm http fetch GET 200 https://registry.npmjs.org/@babel%2fhelper-module-transforms 68ms (cache revalidated)
npm http fetch GET 200 https://registry.npmjs.org/@babel%2fhelpers 64ms (cache revalidated)
npm http fetch GET 200 https://registry.npmjs.org/@babel%2ftemplate 65ms (cache revalidated)
npm http fetch GET 200 https://registry.npmjs.org/@babel%2ftraverse 68ms (cache revalidated)
npm http fetch GET 200 https://registry.npmjs.org/convert-source-map 53ms (cache revalidated)
npm http fetch GET 200 https://registry.npmjs.org/gensync 45ms (cache revalidated)
npm http fetch GET 200 https://registry.npmjs.org/json5 52ms (cache revalidated)
npm http fetch GET 200 https://registry.npmjs.org/@babel%2fhelper-plugin-utils 53ms (cache revalidated)
npm http fetch GET 200 https://registry.npmjs.org/@babel%2fhelper-create-class-features-plugin 80ms (cache revalidated)
npm http fetch GET 200 https://registry.npmjs.org/@babel%2fplugin-syntax-object-rest-spread 56ms (cache revalidated)
npm http fetch GET 200 https://registry.npmjs.org/@babel%2fcompat-data 81ms (cache revalidated)
npm http fetch GET 200 https://registry.npmjs.org/@babel%2fplugin-transform-parameters 66ms (cache revalidated)
npm http fetch GET 200 https://registry.npmjs.org/babel-plugin-polyfill-corejs2 61ms (cache revalidated)
npm http fetch GET 200 https://registry.npmjs.org/@babel%2fhelper-module-imports 69ms (cache revalidated)
npm http fetch GET 200 https://registry.npmjs.org/babel-plugin-polyfill-corejs3 52ms (cache revalidated)
npm http fetch GET 200 https://registry.npmjs.org/babel-plugin-polyfill-regenerator 75ms (cache revalidated)
npm http fetch GET 200 https://registry.npmjs.org/@babel%2fplugin-bugfix-firefox-class-in-computed-class-key 129ms (cache revalidated)
npm http fetch GET 200 https://registry.npmjs.org/@babel%2fplugin-bugfix-safari-class-field-initializer-scope 73ms (cache revalidated)
npm http fetch GET 200 https://registry.npmjs.org/@babel%2fhelper-validator-option 146ms (cache revalidated)
npm http fetch GET 200 https://registry.npmjs.org/@babel%2fplugin-bugfix-safari-id-destructuring-collision-in-function-expression 85ms (cache revalidated)
npm http fetch GET 200 https://registry.npmjs.org/@babel%2fplugin-bugfix-v8-static-class-fields-redefine-readonly 121ms (cache revalidated)
npm http fetch GET 200 https://registry.npmjs.org/@babel%2fplugin-syntax-async-generators 53ms (cache revalidated)
npm http fetch GET 200 https://registry.npmjs.org/@babel%2fplugin-syntax-class-properties 47ms (cache revalidated)
npm http fetch GET 200 https://registry.npmjs.org/@babel%2fplugin-syntax-class-static-block 51ms (cache revalidated)
npm http fetch GET 200 https://registry.npmjs.org/@babel%2fplugin-syntax-dynamic-import 71ms (cache revalidated)
npm http fetch GET 200 https://registry.npmjs.org/@babel%2fplugin-syntax-export-namespace-from 67ms (cache revalidated)
npm http fetch GET 200 https://registry.npmjs.org/@babel%2fplugin-syntax-import-assertions 55ms (cache revalidated)
npm http fetch GET 200 https://registry.npmjs.org/@babel%2fplugin-bugfix-v8-spread-parameters-in-optional-chaining 538ms (cache revalidated)
npm http fetch GET 200 https://registry.npmjs.org/@babel%2fplugin-syntax-import-attributes 69ms (cache revalidated)
npm http fetch GET 200 https://registry.npmjs.org/@babel%2fplugin-proposal-private-property-in-object 519ms (cache revalidated)
npm http fetch GET 200 https://registry.npmjs.org/@babel%2fplugin-syntax-json-strings 66ms (cache revalidated)
npm http fetch GET 200 https://registry.npmjs.org/@babel%2fplugin-syntax-import-meta 78ms (cache revalidated)
npm http fetch GET 200 https://registry.npmjs.org/@babel%2fplugin-syntax-logical-assignment-operators 59ms (cache revalidated)
npm http fetch GET 200 https://registry.npmjs.org/@babel%2fplugin-syntax-nullish-coalescing-operator 61ms (cache revalidated)
npm http fetch GET 200 https://registry.npmjs.org/@babel%2fplugin-syntax-numeric-separator 94ms (cache revalidated)
npm http fetch GET 200 https://registry.npmjs.org/@babel%2fplugin-syntax-optional-catch-binding 53ms (cache revalidated)
npm http fetch GET 200 https://registry.npmjs.org/@babel%2fplugin-syntax-optional-chaining 57ms (cache revalidated)
npm http fetch GET 200 https://registry.npmjs.org/@babel%2fplugin-syntax-top-level-await 75ms (cache revalidated)
npm http fetch GET 200 https://registry.npmjs.org/@babel%2fplugin-syntax-unicode-sets-regex 60ms (cache revalidated)
npm http fetch GET 200 https://registry.npmjs.org/@babel%2fplugin-syntax-private-property-in-object 85ms (cache revalidated)
npm http fetch GET 200 https://registry.npmjs.org/@babel%2fplugin-transform-async-to-generator 53ms (cache revalidated)
npm http fetch GET 200 https://registry.npmjs.org/@babel%2fplugin-transform-async-generator-functions 71ms (cache revalidated)
npm http fetch GET 200 https://registry.npmjs.org/@babel%2fplugin-transform-arrow-functions 77ms (cache revalidated)
npm http fetch GET 200 https://registry.npmjs.org/@babel%2fplugin-transform-block-scoped-functions 58ms (cache revalidated)
npm http fetch GET 200 https://registry.npmjs.org/@babel%2fplugin-transform-block-scoping 71ms (cache revalidated)
npm http fetch GET 200 https://registry.npmjs.org/@babel%2fplugin-transform-class-properties 79ms (cache revalidated)
npm http fetch GET 200 https://registry.npmjs.org/@babel%2fplugin-transform-class-static-block 61ms (cache revalidated)
npm http fetch GET 200 https://registry.npmjs.org/@babel%2fplugin-transform-classes 73ms (cache revalidated)
npm http fetch GET 200 https://registry.npmjs.org/@babel%2fplugin-transform-computed-properties 78ms (cache revalidated)
npm http fetch GET 200 https://registry.npmjs.org/@babel%2fplugin-transform-destructuring 101ms (cache revalidated)
npm http fetch GET 200 https://registry.npmjs.org/@babel%2fplugin-transform-dotall-regex 85ms (cache revalidated)
npm http fetch GET 200 https://registry.npmjs.org/@babel%2fplugin-transform-duplicate-named-capturing-groups-regex 47ms (cache revalidated)
npm http fetch GET 200 https://registry.npmjs.org/@babel%2fplugin-transform-dynamic-import 67ms (cache revalidated)
npm http fetch GET 200 https://registry.npmjs.org/@babel%2fplugin-transform-duplicate-keys 142ms (cache revalidated)
npm http fetch GET 200 https://registry.npmjs.org/@babel%2fplugin-transform-exponentiation-operator 68ms (cache revalidated)
npm http fetch GET 200 https://registry.npmjs.org/@babel%2fplugin-transform-for-of 63ms (cache revalidated)
npm http fetch GET 200 https://registry.npmjs.org/@babel%2fplugin-transform-export-namespace-from 73ms (cache revalidated)
npm http fetch GET 200 https://registry.npmjs.org/@babel%2fplugin-transform-function-name 59ms (cache revalidated)
npm http fetch GET 200 https://registry.npmjs.org/@babel%2fplugin-transform-logical-assignment-operators 55ms (cache revalidated)
npm http fetch GET 200 https://registry.npmjs.org/@babel%2fplugin-transform-literals 85ms (cache revalidated)
npm http fetch GET 200 https://registry.npmjs.org/@babel%2fplugin-transform-json-strings 186ms (cache revalidated)
npm http fetch GET 200 https://registry.npmjs.org/@babel%2fplugin-transform-member-expression-literals 119ms (cache revalidated)
npm http fetch GET 200 https://registry.npmjs.org/@babel%2fplugin-transform-modules-amd 144ms (cache revalidated)
npm http fetch GET 200 https://registry.npmjs.org/@babel%2fplugin-transform-modules-commonjs 71ms (cache revalidated)
npm http fetch GET 200 https://registry.npmjs.org/@babel%2fplugin-transform-modules-systemjs 70ms (cache revalidated)
npm http fetch GET 200 https://registry.npmjs.org/@babel%2fplugin-transform-modules-umd 71ms (cache revalidated)
npm http fetch GET 200 https://registry.npmjs.org/@babel%2fplugin-transform-new-target 71ms (cache revalidated)
npm http fetch GET 200 https://registry.npmjs.org/@babel%2fplugin-transform-named-capturing-groups-regex 81ms (cache revalidated)
npm http fetch GET 200 https://registry.npmjs.org/@babel%2fplugin-transform-nullish-coalescing-operator 66ms (cache revalidated)
npm http fetch GET 200 https://registry.npmjs.org/@babel%2fplugin-transform-numeric-separator 64ms (cache revalidated)
npm http fetch GET 200 https://registry.npmjs.org/@babel%2fplugin-transform-optional-catch-binding 57ms (cache revalidated)
npm http fetch GET 200 https://registry.npmjs.org/@babel%2fplugin-transform-object-super 88ms (cache revalidated)
npm http fetch GET 200 https://registry.npmjs.org/@babel%2fplugin-transform-optional-chaining 78ms (cache revalidated)
npm http fetch GET 200 https://registry.npmjs.org/@babel%2fplugin-transform-private-methods 69ms (cache revalidated)
npm http fetch GET 200 https://registry.npmjs.org/@babel%2fplugin-transform-private-property-in-object 54ms (cache revalidated)
npm http fetch GET 200 https://registry.npmjs.org/@babel%2fplugin-transform-property-literals 55ms (cache revalidated)
npm http fetch GET 200 https://registry.npmjs.org/@babel%2fplugin-transform-regenerator 85ms (cache revalidated)
npm http fetch GET 200 https://registry.npmjs.org/@babel%2fplugin-transform-reserved-words 83ms (cache revalidated)
npm http fetch GET 200 https://registry.npmjs.org/@babel%2fplugin-transform-shorthand-properties 67ms (cache revalidated)
npm http fetch GET 200 https://registry.npmjs.org/@babel%2fplugin-transform-spread 72ms (cache revalidated)
npm http fetch GET 200 https://registry.npmjs.org/@babel%2fplugin-transform-sticky-regex 57ms (cache revalidated)
npm http fetch GET 200 https://registry.npmjs.org/@babel%2fplugin-transform-template-literals 90ms (cache revalidated)
npm http fetch GET 200 https://registry.npmjs.org/@babel%2fplugin-transform-typeof-symbol 60ms (cache revalidated)
npm http fetch GET 200 https://registry.npmjs.org/@babel%2fplugin-transform-object-rest-spread 530ms (cache revalidated)
npm http fetch GET 200 https://registry.npmjs.org/@babel%2fplugin-transform-unicode-escapes 108ms (cache revalidated)
npm http fetch GET 200 https://registry.npmjs.org/@babel%2fplugin-transform-unicode-property-regex 92ms (cache revalidated)
npm http fetch GET 200 https://registry.npmjs.org/@babel%2fplugin-transform-unicode-regex 92ms (cache revalidated)
npm http fetch GET 200 https://registry.npmjs.org/core-js-compat 60ms (cache revalidated)
npm http fetch GET 200 https://registry.npmjs.org/@babel%2fpreset-modules 85ms (cache revalidated)
npm http fetch GET 200 https://registry.npmjs.org/@babel%2fplugin-transform-unicode-sets-regex 117ms (cache revalidated)
npm http fetch GET 200 https://registry.npmjs.org/@babel%2fplugin-transform-react-display-name 66ms (cache revalidated)
npm http fetch GET 200 https://registry.npmjs.org/@babel%2fplugin-transform-react-jsx-development 72ms (cache revalidated)
npm http fetch GET 200 https://registry.npmjs.org/@babel%2fplugin-transform-react-pure-annotations 58ms (cache revalidated)
npm http fetch GET 200 https://registry.npmjs.org/regenerator-runtime 40ms (cache revalidated)
npm http fetch GET 200 https://registry.npmjs.org/JSONStream 75ms (cache revalidated)
npm http fetch GET 200 https://registry.npmjs.org/browser-pack 52ms (cache revalidated)
npm http fetch GET 200 https://registry.npmjs.org/browser-resolve 46ms (cache revalidated)
npm http fetch GET 200 https://registry.npmjs.org/browserify-zlib 47ms (cache revalidated)
npm http fetch GET 200 https://registry.npmjs.org/cached-path-relative 52ms (cache revalidated)
npm http fetch GET 200 https://registry.npmjs.org/concat-stream 65ms (cache revalidated)
npm http fetch GET 200 https://registry.npmjs.org/@babel%2fplugin-transform-react-jsx 507ms (cache revalidated)
npm http fetch GET 200 https://registry.npmjs.org/console-browserify 57ms (cache revalidated)
npm http fetch GET 200 https://registry.npmjs.org/constants-browserify 61ms (cache revalidated)
npm http fetch GET 200 https://registry.npmjs.org/crypto-browserify 53ms (cache revalidated)
npm http fetch GET 200 https://registry.npmjs.org/assert 490ms (cache revalidated)
npm http fetch GET 200 https://registry.npmjs.org/deps-sort 56ms (cache revalidated)
npm http fetch GET 200 https://registry.npmjs.org/defined 122ms (cache revalidated)
npm http fetch GET 200 https://registry.npmjs.org/domain-browser 55ms (cache revalidated)
npm http fetch GET 200 https://registry.npmjs.org/duplexer2 70ms (cache revalidated)
npm http fetch GET 200 https://registry.npmjs.org/events 75ms (cache revalidated)
npm http fetch GET 200 https://registry.npmjs.org/has 67ms (cache revalidated)
npm http fetch GET 200 https://registry.npmjs.org/htmlescape 66ms (cache revalidated)
npm http fetch GET 200 https://registry.npmjs.org/https-browserify 53ms (cache revalidated)
npm http fetch GET 200 https://registry.npmjs.org/insert-module-globals 54ms (cache revalidated)
npm http fetch GET 200 https://registry.npmjs.org/labeled-stream-splicer 74ms (cache revalidated)
npm http fetch GET 200 https://registry.npmjs.org/module-deps 41ms (cache revalidated)
npm http fetch GET 200 https://registry.npmjs.org/os-browserify 72ms (cache revalidated)
npm http fetch GET 200 https://registry.npmjs.org/parents 49ms (cache revalidated)
npm http fetch GET 200 https://registry.npmjs.org/punycode 46ms (cache revalidated)
npm http fetch GET 200 https://registry.npmjs.org/path-browserify 91ms (cache revalidated)
npm http fetch GET 200 https://registry.npmjs.org/querystring-es3 55ms (cache revalidated)
npm http fetch GET 200 https://registry.npmjs.org/read-only-stream 55ms (cache revalidated)
npm http fetch GET 200 https://registry.npmjs.org/readable-stream 55ms (cache revalidated)
npm http fetch GET 200 https://registry.npmjs.org/resolve 50ms (cache revalidated)
npm http fetch GET 200 https://registry.npmjs.org/shasum 55ms (cache revalidated)
npm http fetch GET 200 https://registry.npmjs.org/shell-quote 46ms (cache revalidated)
npm http fetch GET 200 https://registry.npmjs.org/stream-browserify 60ms (cache revalidated)
npm http fetch GET 200 https://registry.npmjs.org/stream-http 51ms (cache revalidated)
npm http fetch GET 200 https://registry.npmjs.org/string_decoder 41ms (cache revalidated)
npm http fetch GET 200 https://registry.npmjs.org/subarg 42ms (cache revalidated)
npm http fetch GET 200 https://registry.npmjs.org/mkdirp-classic 479ms (cache revalidated)
npm http fetch GET 200 https://registry.npmjs.org/syntax-error 60ms (cache revalidated)
npm http fetch GET 200 https://registry.npmjs.org/timers-browserify 72ms (cache revalidated)
npm http fetch GET 200 https://registry.npmjs.org/url 54ms (cache revalidated)
npm http fetch GET 200 https://registry.npmjs.org/util 72ms (cache revalidated)
npm http fetch GET 200 https://registry.npmjs.org/tty-browserify 146ms (cache revalidated)
npm http fetch GET 200 https://registry.npmjs.org/vm-browserify 55ms (cache revalidated)
npm http fetch GET 200 https://registry.npmjs.org/graceful-fs 57ms (cache revalidated)
npm http fetch GET 200 https://registry.npmjs.org/at-least-node 65ms (cache revalidated)
npm http fetch GET 200 https://registry.npmjs.org/xtend 99ms (cache revalidated)
npm http fetch GET 200 https://registry.npmjs.org/jsonfile 64ms (cache revalidated)
npm http fetch GET 200 https://registry.npmjs.org/universalify 63ms (cache revalidated)
npm http fetch GET 200 https://registry.npmjs.org/browserify 15ms (cache hit)
npm http fetch GET 200 https://registry.npmjs.org/anymatch 62ms (cache revalidated)
npm http fetch GET 200 https://registry.npmjs.org/outpipe 492ms (cache revalidated)
npm http fetch GET 200 https://registry.npmjs.org/picocolors 64ms (cache revalidated)
npm http fetch GET 200 https://registry.npmjs.org/@jridgewell%2fgen-mapping 95ms (cache revalidated)
npm http fetch GET 200 https://registry.npmjs.org/@jridgewell%2ftrace-mapping 108ms (cache revalidated)
npm http fetch GET 200 https://registry.npmjs.org/@babel%2fhighlight 65ms (cache revalidated)
npm http fetch GET 200 https://registry.npmjs.org/jsesc 61ms (cache revalidated)
npm http fetch GET 200 https://registry.npmjs.org/browserslist 53ms (cache revalidated)
npm http fetch GET 200 https://registry.npmjs.org/@babel%2fhelper-simple-access 62ms (cache revalidated)
npm http fetch GET 200 https://registry.npmjs.org/globals 59ms (cache revalidated)
npm http fetch GET 200 https://registry.npmjs.org/@jridgewell%2fset-array 84ms (cache revalidated)
npm http fetch GET 200 https://registry.npmjs.org/@jridgewell%2fresolve-uri 84ms (cache revalidated)
npm http fetch GET 200 https://registry.npmjs.org/@jridgewell%2fsourcemap-codec 105ms (cache revalidated)
npm http fetch GET 200 https://registry.npmjs.org/@jridgewell%2fsourcemap-codec 108ms (cache revalidated)
npm http fetch GET 200 https://registry.npmjs.org/js-tokens 46ms (cache revalidated)
npm http fetch GET 200 https://registry.npmjs.org/node-releases 72ms (cache revalidated)
npm http fetch GET 200 https://registry.npmjs.org/caniuse-lite 99ms (cache revalidated)
npm http fetch GET 200 https://registry.npmjs.org/electron-to-chromium 143ms (cache revalidated)
npm http fetch GET 200 https://registry.npmjs.org/update-browserslist-db 255ms (cache revalidated)
npm http fetch GET 200 https://registry.npmjs.org/yallist 235ms (cache revalidated)
npm http fetch GET 200 https://registry.npmjs.org/@babel%2fhelper-annotate-as-pure 64ms (cache revalidated)
npm http fetch GET 200 https://registry.npmjs.org/@babel%2fhelper-optimise-call-expression 67ms (cache revalidated)
npm http fetch GET 200 https://registry.npmjs.org/@babel%2fhelper-replace-supers 75ms (cache revalidated)
npm http fetch GET 200 https://registry.npmjs.org/@babel%2fhelper-member-expression-to-functions 67ms (cache revalidated)
npm http fetch GET 200 https://registry.npmjs.org/@babel%2fhelper-skip-transparent-expression-wrappers 77ms (cache revalidated)
npm http fetch GET 200 https://registry.npmjs.org/@babel%2fhelper-define-polyfill-provider 84ms (cache revalidated)
npm http fetch GET 200 https://registry.npmjs.org/@babel%2fhelper-define-polyfill-provider 88ms (cache revalidated)
npm http fetch GET 200 https://registry.npmjs.org/@babel%2fhelper-define-polyfill-provider 107ms (cache revalidated)
npm http fetch GET 200 https://registry.npmjs.org/@babel%2fhelper-remap-async-to-generator 109ms (cache revalidated)
npm http fetch GET 200 https://registry.npmjs.org/@babel%2fhelper-remap-async-to-generator 112ms (cache revalidated)
npm http fetch GET 200 https://registry.npmjs.org/@babel%2fhelper-create-regexp-features-plugin 137ms (cache revalidated)
npm http fetch GET 200 https://registry.npmjs.org/@babel%2fhelper-create-regexp-features-plugin 69ms (cache revalidated)
npm http fetch GET 200 https://registry.npmjs.org/@babel%2fhelper-builder-binary-assignment-operator-visitor 63ms (cache revalidated)
npm http fetch GET 200 https://registry.npmjs.org/@babel%2fhelper-create-regexp-features-plugin 90ms (cache revalidated)
npm http fetch GET 200 https://registry.npmjs.org/regenerator-transform 53ms (cache revalidated)
npm http fetch GET 200 https://registry.npmjs.org/esutils 61ms (cache revalidated)
npm http fetch GET 200 https://registry.npmjs.org/regexpu-core 103ms (cache revalidated)
npm http fetch GET 200 https://registry.npmjs.org/regenerate 62ms (cache revalidated)
npm http fetch GET 200 https://registry.npmjs.org/regenerate-unicode-properties 64ms (cache revalidated)
npm http fetch GET 200 https://registry.npmjs.org/@babel%2fregjsgen 83ms (cache revalidated)
npm http fetch GET 200 https://registry.npmjs.org/unicode-match-property-ecmascript 47ms (cache revalidated)
npm http fetch GET 200 https://registry.npmjs.org/regjsparser 52ms (cache revalidated)
npm http fetch GET 200 https://registry.npmjs.org/unicode-match-property-value-ecmascript 47ms (cache revalidated)
npm http fetch GET 200 https://registry.npmjs.org/@babel%2fhelper-wrap-function 78ms (cache revalidated)
npm http fetch GET 200 https://registry.npmjs.org/@babel%2fplugin-syntax-jsx 70ms (cache revalidated)
npm http fetch GET 200 https://registry.npmjs.org/lodash.debounce 76ms (cache revalidated)
npm http fetch GET 200 https://registry.npmjs.org/path-parse 58ms (cache revalidated)
npm http fetch GET 200 https://registry.npmjs.org/is-core-module 61ms (cache revalidated)
npm http fetch GET 200 https://registry.npmjs.org/supports-preserve-symlinks-flag 61ms (cache revalidated)
npm http fetch GET 200 https://registry.npmjs.org/object.assign 70ms (cache revalidated)
npm http fetch GET 200 https://registry.npmjs.org/safe-buffer 77ms (cache revalidated)
npm http fetch GET 200 https://registry.npmjs.org/umd 84ms (cache revalidated)
npm http fetch GET 200 https://registry.npmjs.org/pako 85ms (cache revalidated)
npm http fetch GET 200 https://registry.npmjs.org/ieee754 70ms (cache revalidated)
npm http fetch GET 200 https://registry.npmjs.org/typedarray 60ms (cache revalidated)
npm http fetch GET 200 https://registry.npmjs.org/browserify-sign 44ms (cache revalidated)
npm http fetch GET 200 https://registry.npmjs.org/create-ecdh 75ms (cache revalidated)
npm http fetch GET 200 https://registry.npmjs.org/create-hash 73ms (cache revalidated)
npm http fetch GET 200 https://registry.npmjs.org/create-hmac 46ms (cache revalidated)
npm http fetch GET 200 https://registry.npmjs.org/combine-source-map 489ms (cache revalidated)
npm http fetch GET 200 https://registry.npmjs.org/diffie-hellman 67ms (cache revalidated)
npm http fetch GET 200 https://registry.npmjs.org/public-encrypt 55ms (cache revalidated)
npm http fetch GET 200 https://registry.npmjs.org/randombytes 68ms (cache revalidated)
npm http fetch GET 200 https://registry.npmjs.org/randomfill 40ms (cache revalidated)
npm http fetch GET 200 https://registry.npmjs.org/shasum-object 45ms (cache revalidated)
npm http fetch GET 200 https://registry.npmjs.org/browserify-cipher 538ms (cache revalidated)
npm http fetch GET 200 https://registry.npmjs.org/acorn-node 44ms (cache revalidated)
npm http fetch GET 200 https://registry.npmjs.org/is-buffer 51ms (cache revalidated)
npm http fetch GET 200 https://registry.npmjs.org/undeclared-identifiers 56ms (cache revalidated)
npm http fetch GET 200 https://registry.npmjs.org/jsonparse 49ms (cache revalidated)
npm http fetch GET 200 https://registry.npmjs.org/stream-splicer 51ms (cache revalidated)
npm http fetch GET 200 https://registry.npmjs.org/detective 100ms (cache revalidated)
npm http fetch GET 200 https://registry.npmjs.org/stream-combiner2 57ms (cache revalidated)
npm http fetch GET 200 https://registry.npmjs.org/pbkdf2 535ms (cache revalidated)
npm http fetch GET 200 https://registry.npmjs.org/path-platform 66ms (cache revalidated)
npm http fetch GET 200 https://registry.npmjs.org/isarray 87ms (cache revalidated)
npm http fetch GET 200 https://registry.npmjs.org/process-nextick-args 51ms (cache revalidated)
npm http fetch GET 200 https://registry.npmjs.org/util-deprecate 52ms (cache revalidated)
npm http fetch GET 200 https://registry.npmjs.org/json-stable-stringify 52ms (cache revalidated)
npm http fetch GET 200 https://registry.npmjs.org/sha.js 61ms (cache revalidated)
npm http fetch GET 200 https://registry.npmjs.org/builtin-status-codes 69ms (cache revalidated)
npm http fetch GET 200 https://registry.npmjs.org/qs 49ms (cache revalidated)
npm http fetch GET 200 https://registry.npmjs.org/call-bind 62ms (cache revalidated)
npm http fetch GET 200 https://registry.npmjs.org/define-properties 64ms (cache revalidated)
npm http fetch GET 200 https://registry.npmjs.org/has-symbols 78ms (cache revalidated)
npm http fetch GET 200 https://registry.npmjs.org/object-keys 56ms (cache revalidated)
npm http fetch GET 200 https://registry.npmjs.org/lodash.memoize 72ms (cache revalidated)
npm http fetch GET 200 https://registry.npmjs.org/inline-source-map 74ms (cache revalidated)
npm http fetch GET 200 https://registry.npmjs.org/escalade 42ms (cache revalidated)
npm http fetch GET 200 https://registry.npmjs.org/archiver-utils 47ms (cache revalidated)
npm http fetch GET 200 https://registry.npmjs.org/buffer-crc32 48ms (cache revalidated)
npm http fetch GET 200 https://registry.npmjs.org/readdir-glob 55ms (cache revalidated)
npm http fetch GET 200 https://registry.npmjs.org/zip-stream 48ms (cache revalidated)
npm http fetch GET 200 https://registry.npmjs.org/tar-stream 57ms (cache revalidated)
npm http fetch GET 200 https://registry.npmjs.org/https-proxy-agent 58ms (cache revalidated)
npm http fetch GET 200 https://registry.npmjs.org/is-running 61ms (cache revalidated)
npm http fetch GET 200 https://registry.npmjs.org/ps-tree 91ms (cache revalidated)
npm http fetch GET 200 https://registry.npmjs.org/temp-fs 81ms (cache revalidated)
npm http fetch GET 200 https://registry.npmjs.org/agent-base 42ms (cache revalidated)
npm http fetch GET 200 https://registry.npmjs.org/decompress-tarbz2 60ms (cache revalidated)
npm http fetch GET 200 https://registry.npmjs.org/decompress-targz 60ms (cache revalidated)
npm http fetch GET 200 https://registry.npmjs.org/decompress-tar 104ms (cache revalidated)
npm http fetch GET 200 https://registry.npmjs.org/decompress-unzip 49ms (cache revalidated)
npm http fetch GET 200 https://registry.npmjs.org/make-dir 70ms (cache revalidated)
npm http fetch GET 200 https://registry.npmjs.org/strip-dirs 50ms (cache revalidated)
npm http fetch GET 200 https://registry.npmjs.org/pify 62ms (cache revalidated)
npm http fetch GET 200 https://registry.npmjs.org/@types%2fnode 85ms (cache revalidated)
npm http fetch GET 200 https://registry.npmjs.org/ini 222ms (cache revalidated)
npm http fetch GET 200 https://registry.npmjs.org/event-pubsub 228ms (cache revalidated)
npm http fetch GET 200 https://registry.npmjs.org/aws-sign2 66ms (cache revalidated)
npm http fetch GET 200 https://registry.npmjs.org/js-message 99ms (cache revalidated)
npm http fetch GET 200 https://registry.npmjs.org/aws4 47ms (cache revalidated)
npm http fetch GET 200 https://registry.npmjs.org/caseless 54ms (cache revalidated)
npm http fetch GET 200 https://registry.npmjs.org/extend 49ms (cache revalidated)
npm http fetch GET 200 https://registry.npmjs.org/combined-stream 59ms (cache revalidated)
npm http fetch GET 200 https://registry.npmjs.org/forever-agent 51ms (cache revalidated)
npm http fetch GET 200 https://registry.npmjs.org/form-data 58ms (cache revalidated)
npm http fetch GET 200 https://registry.npmjs.org/har-validator 43ms (cache revalidated)
npm http fetch GET 200 https://registry.npmjs.org/is-typedarray 40ms (cache revalidated)
npm http fetch GET 200 https://registry.npmjs.org/http-signature 72ms (cache revalidated)
npm http fetch GET 200 https://registry.npmjs.org/isstream 43ms (cache revalidated)
npm http fetch GET 200 https://registry.npmjs.org/json-stringify-safe 68ms (cache revalidated)
npm http fetch GET 200 https://registry.npmjs.org/mime-types 47ms (cache revalidated)
npm http fetch GET 200 https://registry.npmjs.org/performance-now 45ms (cache revalidated)
npm http fetch GET 200 https://registry.npmjs.org/oauth-sign 86ms (cache revalidated)
npm http fetch GET 200 https://registry.npmjs.org/js-queue 489ms (cache revalidated)
npm http fetch GET 200 https://registry.npmjs.org/tough-cookie 64ms (cache revalidated)
npm http fetch GET 200 https://registry.npmjs.org/tunnel-agent 55ms (cache revalidated)
npm http fetch GET 200 https://registry.npmjs.org/ajv 55ms (cache revalidated)
npm http fetch GET 200 https://registry.npmjs.org/slice-ansi 53ms (cache revalidated)
npm http fetch GET 200 https://registry.npmjs.org/pupa 71ms (cache revalidated)
npm http fetch GET 200 https://registry.npmjs.org/boxen 62ms (cache revalidated)
npm http fetch GET 200 https://registry.npmjs.org/is-npm 42ms (cache revalidated)
npm http fetch GET 200 https://registry.npmjs.org/configstore 60ms (cache revalidated)
npm http fetch GET 200 https://registry.npmjs.org/import-lazy 101ms (cache revalidated)
npm http fetch GET 200 https://registry.npmjs.org/semver-diff 50ms (cache revalidated)
npm http fetch GET 200 https://registry.npmjs.org/latest-version 40ms (cache revalidated)
npm http fetch GET 200 https://registry.npmjs.org/xdg-basedir 59ms (cache revalidated)
npm http fetch GET 200 https://registry.npmjs.org/cycle 50ms (cache revalidated)
npm http fetch GET 200 https://registry.npmjs.org/eyes 66ms (cache revalidated)
npm http fetch GET 200 https://registry.npmjs.org/stack-trace 52ms (cache revalidated)
npm http fetch GET 200 https://registry.npmjs.org/y18n 49ms (cache revalidated)
npm http fetch GET 200 https://registry.npmjs.org/decamelize 49ms (cache revalidated)
npm http fetch GET 200 https://registry.npmjs.org/cliui 70ms (cache revalidated)
npm http fetch GET 200 https://registry.npmjs.org/set-blocking 44ms (cache revalidated)
npm http fetch GET 200 https://registry.npmjs.org/get-caller-file 78ms (cache revalidated)
npm http fetch GET 200 https://registry.npmjs.org/which-module 109ms (cache revalidated)
npm http fetch GET 200 https://registry.npmjs.org/is-in-ci 526ms (cache revalidated)
npm http fetch GET 200 https://registry.npmjs.org/require-directory 61ms (cache revalidated)
npm http fetch GET 200 https://registry.npmjs.org/require-main-filename 63ms (cache revalidated)
npm http fetch GET 200 https://registry.npmjs.org/lodash.defaults 75ms (cache revalidated)
npm http fetch GET 200 https://registry.npmjs.org/lazystream 81ms (cache revalidated)
npm http fetch GET 200 https://registry.npmjs.org/lodash.difference 81ms (cache revalidated)
npm http fetch GET 200 https://registry.npmjs.org/lodash.union 52ms (cache revalidated)
npm http fetch GET 200 https://registry.npmjs.org/lodash.isplainobject 59ms (cache revalidated)
npm http fetch GET 200 https://registry.npmjs.org/lodash.flatten 66ms (cache revalidated)
npm http fetch GET 200 https://registry.npmjs.org/end-of-stream 56ms (cache revalidated)
npm http fetch GET 200 https://registry.npmjs.org/normalize-path 64ms (cache revalidated)
npm http fetch GET 200 https://registry.npmjs.org/bl 69ms (cache revalidated)
npm http fetch GET 200 https://registry.npmjs.org/fs-constants 61ms (cache revalidated)
npm http fetch GET 200 https://registry.npmjs.org/compress-commons 81ms (cache revalidated)
npm http fetch GET 200 https://registry.npmjs.org/rimraf 47ms (cache revalidated)
npm http fetch GET 200 https://registry.npmjs.org/event-stream 59ms (cache revalidated)
npm http fetch GET 200 https://registry.npmjs.org/lower-case 56ms (cache revalidated)
npm http fetch GET 200 https://registry.npmjs.org/color-convert 61ms (cache revalidated)
npm http fetch GET 200 https://registry.npmjs.org/is-fullwidth-code-point 63ms (cache revalidated)
npm http fetch GET 200 https://registry.npmjs.org/emoji-regex 64ms (cache revalidated)
npm http fetch GET 200 https://registry.npmjs.org/parent-module 61ms (cache revalidated)
npm http fetch GET 200 https://registry.npmjs.org/argparse 63ms (cache revalidated)
npm http fetch GET 200 https://registry.npmjs.org/error-ex 69ms (cache revalidated)
npm http fetch GET 200 https://registry.npmjs.org/lines-and-columns 51ms (cache revalidated)
npm http fetch GET 200 https://registry.npmjs.org/json-parse-even-better-errors 59ms (cache revalidated)
npm http fetch GET 200 https://registry.npmjs.org/browserify-aes 45ms (cache revalidated)
npm http fetch GET 200 https://registry.npmjs.org/browserify-des 61ms (cache revalidated)
npm http fetch GET 200 https://registry.npmjs.org/evp_bytestokey 75ms (cache revalidated)
npm http fetch GET 200 https://registry.npmjs.org/bn.js 68ms (cache revalidated)
npm http fetch GET 200 https://registry.npmjs.org/browserify-rsa 64ms (cache revalidated)
npm http fetch GET 200 https://registry.npmjs.org/elliptic 60ms (cache revalidated)
npm http fetch GET 200 https://registry.npmjs.org/hash-base 51ms (cache revalidated)
npm http fetch GET 200 https://registry.npmjs.org/cipher-base 46ms (cache revalidated)
npm http fetch GET 200 https://registry.npmjs.org/parse-asn1 88ms (cache revalidated)
npm http fetch GET 200 https://registry.npmjs.org/ripemd160 47ms (cache revalidated)
npm http fetch GET 200 https://registry.npmjs.org/md5.js 74ms (cache revalidated)
npm http fetch GET 200 https://registry.npmjs.org/ripemd160 57ms (cache revalidated)
npm http fetch GET 200 https://registry.npmjs.org/miller-rabin 40ms (cache revalidated)
npm http fetch GET 200 https://registry.npmjs.org/des.js 62ms (cache revalidated)
npm http fetch GET 200 https://registry.npmjs.org/buffer-xor 65ms (cache revalidated)
npm http fetch GET 200 https://registry.npmjs.org/minimalistic-assert 52ms (cache revalidated)
npm http fetch GET 200 https://registry.npmjs.org/brorand 46ms (cache revalidated)
npm http fetch GET 200 https://registry.npmjs.org/hash.js 53ms (cache revalidated)
npm http fetch GET 200 https://registry.npmjs.org/hmac-drbg 65ms (cache revalidated)
npm http fetch GET 200 https://registry.npmjs.org/minimalistic-crypto-utils 75ms (cache revalidated)
npm http fetch GET 200 https://registry.npmjs.org/asn1.js 73ms (cache revalidated)
npm http fetch GET 200 https://registry.npmjs.org/lodash.once 51ms (cache revalidated)
npm http fetch GET 200 https://registry.npmjs.org/onetime 50ms (cache revalidated)
npm http fetch GET 200 https://registry.npmjs.org/restore-cursor 57ms (cache revalidated)
npm http fetch GET 200 https://registry.npmjs.org/cross-spawn 55ms (cache revalidated)
npm http fetch GET 200 https://registry.npmjs.org/get-stream 69ms (cache revalidated)
npm http fetch GET 200 https://registry.npmjs.org/signal-exit 63ms (cache revalidated)
npm http fetch GET 200 https://registry.npmjs.org/merge-stream 45ms (cache revalidated)
npm http fetch GET 200 https://registry.npmjs.org/human-signals 57ms (cache revalidated)
npm http fetch GET 200 https://registry.npmjs.org/npm-run-path 71ms (cache revalidated)
npm http fetch GET 200 https://registry.npmjs.org/strip-final-newline 49ms (cache revalidated)
npm http fetch GET 200 https://registry.npmjs.org/ci-info 45ms (cache revalidated)
npm http fetch GET 200 https://registry.npmjs.org/rfdc 44ms (cache revalidated)
npm http fetch GET 200 https://registry.npmjs.org/@types%2fyauzl 71ms (cache revalidated)
npm http fetch GET 200 https://registry.npmjs.org/rxjs 60ms (cache revalidated)
npm http fetch GET 200 https://registry.npmjs.org/colorette 60ms (cache revalidated)
npm http fetch GET 200 https://registry.npmjs.org/p-map 78ms (cache revalidated)
npm http fetch GET 200 https://registry.npmjs.org/log-update 56ms (cache revalidated)
npm http fetch GET 200 https://registry.npmjs.org/wrap-ansi 70ms (cache revalidated)
npm http fetch GET 200 https://registry.npmjs.org/cli-truncate 55ms (cache revalidated)
npm http fetch GET 200 https://registry.npmjs.org/fd-slicer 44ms (cache revalidated)
npm http fetch GET 200 https://registry.npmjs.org/is-unicode-supported 54ms (cache revalidated)
npm http fetch GET 200 https://registry.npmjs.org/throttleit 67ms (cache revalidated)
npm http fetch GET 200 https://registry.npmjs.org/asynckit 43ms (cache revalidated)
npm http fetch GET 200 https://registry.npmjs.org/jsprim 49ms (cache revalidated)
npm http fetch GET 200 https://registry.npmjs.org/delayed-stream 103ms (cache revalidated)
npm http fetch GET 200 https://registry.npmjs.org/sshpk 64ms (cache revalidated)
npm http fetch GET 200 https://registry.npmjs.org/mime-db 61ms (cache revalidated)
npm http fetch GET 200 https://registry.npmjs.org/psl 57ms (cache revalidated)
npm http fetch GET 200 https://registry.npmjs.org/url-parse 55ms (cache revalidated)
npm http fetch GET 200 https://registry.npmjs.org/side-channel 73ms (cache revalidated)
npm http fetch GET 200 https://registry.npmjs.org/cross-fetch 44ms (cache revalidated)
npm http fetch GET 200 https://registry.npmjs.org/es6-promise 507ms (cache revalidated)
npm http fetch GET 200 https://registry.npmjs.org/seek-bzip 48ms (cache revalidated)
npm http fetch GET 200 https://registry.npmjs.org/file-type 57ms (cache revalidated)
npm http fetch GET 200 https://registry.npmjs.org/file-type 75ms (cache revalidated)
npm http fetch GET 200 https://registry.npmjs.org/unbzip2-stream 65ms (cache revalidated)
npm http fetch GET 200 https://registry.npmjs.org/is-natural-number 85ms (cache revalidated)
npm http fetch GET 200 https://registry.npmjs.org/to-buffer 52ms (cache revalidated)
npm http fetch GET 200 https://registry.npmjs.org/buffer-alloc 54ms (cache revalidated)
npm http fetch GET 200 https://registry.npmjs.org/pinkie-promise 61ms (cache revalidated)
npm http fetch GET 200 https://registry.npmjs.org/fast-safe-stringify 61ms (cache revalidated)
npm http fetch GET 200 https://registry.npmjs.org/which 53ms (cache revalidated)
npm http fetch GET 200 https://registry.npmjs.org/shebang-command 64ms (cache revalidated)
npm http fetch GET 200 https://registry.npmjs.org/path-key 70ms (cache revalidated)
npm http fetch GET 200 https://registry.npmjs.org/path-key 19ms (cache hit)
npm http fetch GET 200 https://registry.npmjs.org/pump 66ms (cache revalidated)
npm http fetch GET 200 https://registry.npmjs.org/mimic-fn 56ms (cache revalidated)
npm http fetch GET 200 https://registry.npmjs.org/isexe 43ms (cache revalidated)
npm http fetch GET 200 https://registry.npmjs.org/shebang-regex 45ms (cache revalidated)
npm http fetch GET 200 https://registry.npmjs.org/@types%2fnode 29ms (cache hit)
npm http fetch GET 200 https://registry.npmjs.org/undici-types 50ms (cache revalidated)
npm http fetch GET 200 https://registry.npmjs.org/pinkie 39ms (cache revalidated)
npm http fetch GET 200 https://registry.npmjs.org/@isaacs%2fcliui 79ms (cache revalidated)
npm http fetch GET 200 https://registry.npmjs.org/@pkgjs%2fparseargs 94ms (cache revalidated)
npm http fetch GET 200 https://registry.npmjs.org/json-schema 67ms (cache revalidated)
npm http fetch GET 200 https://registry.npmjs.org/asn1 67ms (cache revalidated)
npm http fetch GET 200 https://registry.npmjs.org/dashdash 70ms (cache revalidated)
npm http fetch GET 200 https://registry.npmjs.org/safer-buffer 64ms (cache revalidated)
npm http fetch GET 200 https://registry.npmjs.org/getpass 69ms (cache revalidated)
npm http fetch GET 200 https://registry.npmjs.org/jsbn 68ms (cache revalidated)
npm http fetch GET 200 https://registry.npmjs.org/tweetnacl 72ms (cache revalidated)
npm http fetch GET 200 https://registry.npmjs.org/bcrypt-pbkdf 69ms (cache revalidated)
npm http fetch GET 200 https://registry.npmjs.org/ecc-jsbn 74ms (cache revalidated)
npm http fetch GET 200 https://registry.npmjs.org/callsites 60ms (cache revalidated)
npm http fetch GET 200 https://registry.npmjs.org/acorn-walk 63ms (cache revalidated)
npm http fetch GET 200 https://registry.npmjs.org/dash-ast 75ms (cache revalidated)
npm http fetch GET 200 https://registry.npmjs.org/acorn 80ms (cache revalidated)
npm http fetch GET 200 https://registry.npmjs.org/get-assigned-identifiers 44ms (cache revalidated)
npm http fetch GET 200 https://registry.npmjs.org/simple-concat 103ms (cache revalidated)
npm http fetch GET 200 https://registry.npmjs.org/eastasianwidth 48ms (cache revalidated)
npm http fetch GET 200 https://registry.npmjs.org/aggregate-error 68ms (cache revalidated)
npm http fetch GET 200 https://registry.npmjs.org/ansi-escapes 73ms (cache revalidated)
npm http fetch GET 200 https://registry.npmjs.org/astral-regex 48ms (cache revalidated)
npm http fetch GET 200 https://registry.npmjs.org/node-fetch 70ms (cache revalidated)
npm http fetch GET 200 https://registry.npmjs.org/whatwg-url 43ms (cache revalidated)
npm http fetch GET 200 https://registry.npmjs.org/concat-map 318ms (cache revalidated)
npm http fetch GET 200 https://registry.npmjs.org/balanced-match 320ms (cache revalidated)
npm http fetch GET 200 https://registry.npmjs.org/glob-parent 809ms (cache revalidated)
npm http fetch GET 200 https://registry.npmjs.org/is-binary-path 810ms (cache revalidated)
npm http fetch GET 200 https://registry.npmjs.org/braces 814ms (cache revalidated)
npm http fetch GET 200 https://registry.npmjs.org/fsevents 48ms (cache revalidated)
npm http fetch GET 200 https://registry.npmjs.org/readdirp 58ms (cache revalidated)
npm http fetch GET 200 https://registry.npmjs.org/is-glob 70ms (cache revalidated)
npm http fetch GET 200 https://registry.npmjs.org/locate-path 51ms (cache revalidated)
npm http fetch GET 200 https://registry.npmjs.org/path-exists 65ms (cache revalidated)
npm http fetch GET 200 https://registry.npmjs.org/camelcase 66ms (cache revalidated)
npm http fetch GET 200 https://registry.npmjs.org/flat 46ms (cache revalidated)
npm http fetch GET 200 https://registry.npmjs.org/is-plain-obj 52ms (cache revalidated)
npm http fetch GET 200 https://registry.npmjs.org/picomatch 71ms (cache revalidated)
npm http fetch GET 200 https://registry.npmjs.org/fill-range 74ms (cache revalidated)
npm http fetch GET 200 https://registry.npmjs.org/is-extglob 47ms (cache revalidated)
npm http fetch GET 200 https://registry.npmjs.org/binary-extensions 492ms (cache revalidated)
npm http fetch GET 200 https://registry.npmjs.org/to-regex-range 44ms (cache revalidated)
npm http fetch GET 200 https://registry.npmjs.org/is-number 59ms (cache revalidated)
npm http fetch GET 200 https://registry.npmjs.org/p-locate 57ms (cache revalidated)
npm http fetch GET 200 https://registry.npmjs.org/p-limit 36ms (cache revalidated)
npm http fetch GET 200 https://registry.npmjs.org/thenify 55ms (cache revalidated)
npm http fetch GET 200 https://registry.npmjs.org/tr46 41ms (cache revalidated)
npm http fetch GET 200 https://registry.npmjs.org/webidl-conversions 45ms (cache revalidated)
npm http fetch GET 200 https://registry.npmjs.org/easy-stack 57ms (cache revalidated)
npm http fetch GET 200 https://registry.npmjs.org/es-errors 38ms (cache revalidated)
npm http fetch GET 200 https://registry.npmjs.org/es-define-property 48ms (cache revalidated)
npm http fetch GET 200 https://registry.npmjs.org/function-bind 55ms (cache revalidated)
npm http fetch GET 200 https://registry.npmjs.org/get-intrinsic 40ms (cache revalidated)
npm http fetch GET 200 https://registry.npmjs.org/define-data-property 55ms (cache revalidated)
npm http fetch GET 200 https://registry.npmjs.org/set-function-length 68ms (cache revalidated)
npm http fetch GET 200 https://registry.npmjs.org/has-property-descriptors 38ms (cache revalidated)
npm http fetch GET 200 https://registry.npmjs.org/hasown 46ms (cache revalidated)
npm http fetch GET 200 https://registry.npmjs.org/gopd 51ms (cache revalidated)
npm http fetch GET 200 https://registry.npmjs.org/has-proto 59ms (cache revalidated)
npm http fetch GET 200 https://registry.npmjs.org/yocto-queue 79ms (cache revalidated)
npm http fetch GET 200 https://registry.npmjs.org/clean-stack 48ms (cache revalidated)
npm http fetch GET 200 https://registry.npmjs.org/is-arrayish 55ms (cache revalidated)
npm http fetch GET 200 https://registry.npmjs.org/from 68ms (cache revalidated)
npm http fetch GET 200 https://registry.npmjs.org/map-stream 80ms (cache revalidated)
npm http fetch GET 200 https://registry.npmjs.org/duplexer 84ms (cache revalidated)
npm http fetch GET 200 https://registry.npmjs.org/pause-stream 63ms (cache revalidated)
npm http fetch GET 200 https://registry.npmjs.org/stream-combiner 52ms (cache revalidated)
npm http fetch GET 200 https://registry.npmjs.org/object-inspect 54ms (cache revalidated)
npm http fetch GET 200 https://registry.npmjs.org/unicode-property-aliases-ecmascript 59ms (cache revalidated)
npm http fetch GET 200 https://registry.npmjs.org/unicode-canonical-property-names-ecmascript 73ms (cache revalidated)
npm http fetch GET 200 https://registry.npmjs.org/ajv 15ms (cache hit)
npm http fetch GET 200 https://registry.npmjs.org/har-schema 66ms (cache revalidated)
npm http fetch GET 200 https://registry.npmjs.org/json-schema-traverse 65ms (cache revalidated)
npm http fetch GET 200 https://registry.npmjs.org/uri-js 70ms (cache revalidated)
npm http fetch GET 200 https://registry.npmjs.org/fast-deep-equal 71ms (cache revalidated)
npm http fetch GET 200 https://registry.npmjs.org/fast-json-stable-stringify 53ms (cache revalidated)
npm http fetch GET 200 https://registry.npmjs.org/jsonify 49ms (cache revalidated)
npm http fetch GET 200 https://registry.npmjs.org/wrappy 80ms (cache revalidated)
npm http fetch GET 200 https://registry.npmjs.org/requires-port 45ms (cache revalidated)
npm http fetch GET 200 https://registry.npmjs.org/querystringify 50ms (cache revalidated)
npm http fetch GET 200 https://registry.npmjs.org/widest-line 80ms (cache revalidated)
npm http fetch GET 200 https://registry.npmjs.org/cli-boxes 87ms (cache revalidated)
npm http fetch GET 200 https://registry.npmjs.org/ansi-align 88ms (cache revalidated)
npm http fetch GET 200 https://registry.npmjs.org/unique-string 66ms (cache revalidated)
npm http fetch GET 200 https://registry.npmjs.org/write-file-atomic 65ms (cache revalidated)
npm http fetch GET 200 https://registry.npmjs.org/dot-prop 89ms (cache revalidated)
npm http fetch GET 200 https://registry.npmjs.org/package-json 43ms (cache revalidated)
npm http fetch GET 200 https://registry.npmjs.org/escape-goat 63ms (cache revalidated)
npm http fetch GET 200 https://registry.npmjs.org/imurmurhash 45ms (cache revalidated)
npm http fetch GET 200 https://registry.npmjs.org/is-obj 51ms (cache revalidated)
npm http fetch GET 200 https://registry.npmjs.org/crypto-random-string 52ms (cache revalidated)
npm http fetch GET 200 https://registry.npmjs.org/typedarray-to-buffer 49ms (cache revalidated)
npm http fetch GET 200 https://registry.npmjs.org/registry-url 46ms (cache revalidated)
npm http fetch GET 200 https://registry.npmjs.org/got 60ms (cache revalidated)
npm http fetch GET 200 https://registry.npmjs.org/registry-auth-token 527ms (cache revalidated)
npm http fetch GET 200 https://registry.npmjs.org/responselike 70ms (cache revalidated)
npm http fetch GET 200 https://registry.npmjs.org/http2-wrapper 72ms (cache revalidated)
npm http fetch GET 200 https://registry.npmjs.org/p-cancelable 76ms (cache revalidated)
npm http fetch GET 200 https://registry.npmjs.org/cacheable-lookup 41ms (cache revalidated)
npm http fetch GET 200 https://registry.npmjs.org/lowercase-keys 52ms (cache revalidated)
npm http fetch GET 200 https://registry.npmjs.org/cacheable-request 62ms (cache revalidated)
npm http fetch GET 200 https://registry.npmjs.org/form-data-encoder 65ms (cache revalidated)
npm http fetch GET 200 https://registry.npmjs.org/@sindresorhus%2fis 121ms (cache revalidated)
npm http fetch GET 200 https://registry.npmjs.org/decompress-response 88ms (cache revalidated)
npm http fetch GET 200 https://registry.npmjs.org/@pnpm%2fnpm-conf 95ms (cache revalidated)
npm http fetch GET 200 https://registry.npmjs.org/@szmarczak%2fhttp-timer 118ms (cache revalidated)
npm http fetch GET 200 https://registry.npmjs.org/rc 40ms (cache revalidated)
npm http fetch GET 200 https://registry.npmjs.org/defer-to-connect 50ms (cache revalidated)
npm http fetch GET 200 https://registry.npmjs.org/http-cache-semantics 49ms (cache revalidated)
npm http fetch GET 200 https://registry.npmjs.org/@types%2fhttp-cache-semantics 63ms (cache revalidated)
npm http fetch GET 200 https://registry.npmjs.org/keyv 44ms (cache revalidated)
npm http fetch GET 200 https://registry.npmjs.org/mimic-response 48ms (cache revalidated)
npm http fetch GET 200 https://registry.npmjs.org/normalize-url 64ms (cache revalidated)
npm http fetch GET 200 https://registry.npmjs.org/quick-lru 55ms (cache revalidated)
npm http fetch GET 200 https://registry.npmjs.org/mimic-response 65ms (cache revalidated)
npm http fetch GET 200 https://registry.npmjs.org/resolve-alpn 64ms (cache revalidated)
npm http fetch GET 200 https://registry.npmjs.org/json-buffer 68ms (cache revalidated)
npm http fetch GET 200 https://registry.npmjs.org/config-chain 71ms (cache revalidated)
npm http fetch GET 200 https://registry.npmjs.org/@pnpm%2fnetwork.ca-file 108ms (cache revalidated)
npm http fetch GET 200 https://registry.npmjs.org/@pnpm%2fconfig.env-replace 557ms (cache revalidated)
npm http fetch GET 200 https://registry.npmjs.org/proto-list 81ms (cache revalidated)
npm http fetch GET 200 https://registry.npmjs.org/deep-extend 49ms (cache revalidated)
npm http fetch GET 200 https://registry.npmjs.org/pend 59ms (cache revalidated)
npm http fetch GET 200 https://registry.npmjs.org/crc32-stream 54ms (cache revalidated)
npm http fetch GET 200 https://registry.npmjs.org/crc-32 86ms (cache revalidated)
npm http fetch GET 200 https://registry.npmjs.org/color-name 51ms (cache revalidated)
npm http fetch GET 200 https://registry.npmjs.org/buffer-fill 66ms (cache revalidated)
npm http fetch GET 200 https://registry.npmjs.org/buffer-alloc-unsafe 517ms (cache revalidated)
npm http fetch GET 200 https://registry.npmjs.org/is-arguments 48ms (cache revalidated)
npm http fetch GET 200 https://registry.npmjs.org/is-generator-function 74ms (cache revalidated)
npm http fetch GET 200 https://registry.npmjs.org/is-typed-array 74ms (cache revalidated)
npm http fetch GET 200 https://registry.npmjs.org/which-typed-array 59ms (cache revalidated)
npm http fetch GET 200 https://registry.npmjs.org/has-tostringtag 47ms (cache revalidated)
npm http fetch GET 200 https://registry.npmjs.org/available-typed-arrays 58ms (cache revalidated)
npm http fetch GET 200 https://registry.npmjs.org/has-tostringtag 66ms (cache revalidated)
npm http fetch GET 200 https://registry.npmjs.org/for-each 41ms (cache revalidated)
npm http fetch GET 200 https://registry.npmjs.org/possible-typed-array-names 88ms (cache revalidated)
npm http fetch GET 200 https://registry.npmjs.org/is-callable 505ms (cache revalidated)
npm http fetch GET 200 https://registry.npmjs.org/p-try 39ms (cache revalidated)
npm verbose reify failed optional dependency C:\Users\bhadm\Documents\Cohort-4\third-week\tmpBstackPackages\node_modules\fsevents
npm verbose reify failed optional dependency C:\Users\bhadm\Documents\Cohort-4\third-week\tmpBstackPackages\node_modules\@esbuild\win32-ia32
npm verbose reify failed optional dependency C:\Users\bhadm\Documents\Cohort-4\third-week\tmpBstackPackages\node_modules\@esbuild\win32-arm64
npm verbose reify failed optional dependency C:\Users\bhadm\Documents\Cohort-4\third-week\tmpBstackPackages\node_modules\@esbuild\sunos-x64
npm verbose reify failed optional dependency C:\Users\bhadm\Documents\Cohort-4\third-week\tmpBstackPackages\node_modules\@esbuild\openbsd-x64
npm verbose reify failed optional dependency C:\Users\bhadm\Documents\Cohort-4\third-week\tmpBstackPackages\node_modules\@esbuild\netbsd-x64
npm verbose reify failed optional dependency C:\Users\bhadm\Documents\Cohort-4\third-week\tmpBstackPackages\node_modules\@esbuild\linux-x64
npm verbose reify failed optional dependency C:\Users\bhadm\Documents\Cohort-4\third-week\tmpBstackPackages\node_modules\@esbuild\linux-s390x
npm verbose reify failed optional dependency C:\Users\bhadm\Documents\Cohort-4\third-week\tmpBstackPackages\node_modules\@esbuild\linux-riscv64
npm verbose reify failed optional dependency C:\Users\bhadm\Documents\Cohort-4\third-week\tmpBstackPackages\node_modules\@esbuild\linux-ppc64
npm verbose reify failed optional dependency C:\Users\bhadm\Documents\Cohort-4\third-week\tmpBstackPackages\node_modules\@esbuild\linux-mips64el
npm verbose reify failed optional dependency C:\Users\bhadm\Documents\Cohort-4\third-week\tmpBstackPackages\node_modules\@esbuild\linux-loong64
npm verbose reify failed optional dependency C:\Users\bhadm\Documents\Cohort-4\third-week\tmpBstackPackages\node_modules\@esbuild\linux-ia32
npm verbose reify failed optional dependency C:\Users\bhadm\Documents\Cohort-4\third-week\tmpBstackPackages\node_modules\@esbuild\linux-arm64
npm verbose reify failed optional dependency C:\Users\bhadm\Documents\Cohort-4\third-week\tmpBstackPackages\node_modules\@esbuild\linux-arm
npm verbose reify failed optional dependency C:\Users\bhadm\Documents\Cohort-4\third-week\tmpBstackPackages\node_modules\@esbuild\freebsd-x64
npm verbose reify failed optional dependency C:\Users\bhadm\Documents\Cohort-4\third-week\tmpBstackPackages\node_modules\@esbuild\freebsd-arm64
npm verbose reify failed optional dependency C:\Users\bhadm\Documents\Cohort-4\third-week\tmpBstackPackages\node_modules\@esbuild\darwin-x64
npm verbose reify failed optional dependency C:\Users\bhadm\Documents\Cohort-4\third-week\tmpBstackPackages\node_modules\@esbuild\darwin-arm64
npm verbose reify failed optional dependency C:\Users\bhadm\Documents\Cohort-4\third-week\tmpBstackPackages\node_modules\@esbuild\android-x64
npm verbose reify failed optional dependency C:\Users\bhadm\Documents\Cohort-4\third-week\tmpBstackPackages\node_modules\@esbuild\android-arm64
npm verbose reify failed optional dependency C:\Users\bhadm\Documents\Cohort-4\third-week\tmpBstackPackages\node_modules\@esbuild\android-arm
npm verbose reify failed optional dependency C:\Users\bhadm\Documents\Cohort-4\third-week\tmpBstackPackages\node_modules\@esbuild\aix-ppc64
npm http fetch POST 200 https://registry.npmjs.org/-/npm/v1/security/advisories/bulk 635ms
npm warn deprecated inflight@1.0.6: This module is not supported, and leaks memory. Do not use it. Check out lru-cache if you want a good and tested way to coalesce async requests by a key value, which is much more comprehensive and powerful.
npm warn deprecated @babel/plugin-proposal-class-properties@7.18.6: This proposal has been merged to the ECMAScript standard and thus this plugin is no longer maintained. Please use @babel/plugin-transform-class-properties instead.
npm warn deprecated rimraf@2.5.4: Rimraf versions prior to v4 are no longer supported
npm http fetch GET 200 https://registry.npmjs.org/elliptic 6178ms (cache revalidated)
npm http fetch GET 200 https://registry.npmjs.org/tough-cookie 6197ms (cache revalidated)
npm http fetch GET 200 https://registry.npmjs.org/request 6255ms (cache revalidated)
npm warn deprecated har-validator@5.1.5: this library is no longer supported
npm warn deprecated @babel/plugin-proposal-object-rest-spread@7.20.7: This proposal has been merged to the ECMAScript standard and thus this plugin is no longer maintained. Please use @babel/plugin-transform-object-rest-spread instead.
npm warn deprecated glob@7.2.3: Glob versions prior to v9 are no longer supported
npm warn deprecated glob@7.2.3: Glob versions prior to v9 are no longer supported
npm warn deprecated glob@7.2.3: Glob versions prior to v9 are no longer supported
npm warn deprecated glob@7.2.3: Glob versions prior to v9 are no longer supported
npm warn deprecated glob@7.2.3: Glob versions prior to v9 are no longer supported
npm warn deprecated glob@8.1.0: Glob versions prior to v9 are no longer supported
npm warn deprecated glob@7.2.3: Glob versions prior to v9 are no longer supported
npm warn deprecated glob@7.2.3: Glob versions prior to v9 are no longer supported
npm warn deprecated glob@7.2.3: Glob versions prior to v9 are no longer supported
npm http fetch GET 200 https://registry.npmjs.org/browserstack-cypress-cli 3145ms (cache revalidated)
npm http fetch GET 200 https://registry.npmjs.org/create-ecdh 1318ms (cache revalidated)
npm http fetch GET 200 https://registry.npmjs.org/browserify-sign 1323ms (cache revalidated)
npm warn deprecated uuid@3.4.0: Please upgrade  to version 7 or higher.  Older versions may use Math.random() in certain circumstances, which is known to be problematic.  See https://v8.dev/blog/math-random for details.
npm warn deprecated request@2.88.2: request has been deprecated, see https://github.com/request/request/issues/3142
npm http fetch GET 200 https://registry.npmjs.org/crypto-browserify 1061ms (cache revalidated)
npm http fetch GET 200 https://registry.npmjs.org/browserify 658ms (cache revalidated)
npm info run cypress@13.13.2 postinstall node_modules/cypress node index.js --exec install
npm info run esbuild@0.19.12 postinstall node_modules/esbuild node install.js
npm info run esbuild@0.19.12 postinstall { code: 0, signal: null }
npm info run cypress@13.13.2 postinstall { code: 0, signal: null }

added 916 packages, and audited 917 packages in 1m

129 packages are looking for funding
  run `npm fund` for details

7 vulnerabilities (4 low, 3 moderate)

To address issues that do not require attention, run:
  npm audit fix

To address all issues (including breaking changes), run:
  npm audit fix --force

Run `npm audit` for details.
npm verbose cwd C:\Users\bhadm\Documents\Cohort-4\third-week\tmpBstackPackages
npm verbose os Windows_NT 10.0.19045
npm verbose node v22.5.1
npm verbose npm  v10.8.2
npm verbose exit 0
npm info ok
